feedback/2026-03-16-program-truth-convergence-audit.md
feedback/2026-03-16-design-horizons-and-ltd-canon-audit.md
feedback/2026-03-18-chummer-truth-convergence-audit.md
feedback/2026-03-18-chummer-live-public-surface-reaudit.md
feedback/2026-03-18-chummer-horizons-and-fleet-milestone-drift-reaudit.md
feedback/2026-03-18-ea-current-brain-audit.md
feedback/support-packet-support_packet_flagship_autofix_1775367048-8e6f662fb2ca.md
feedback/support-packet-support_packet_flagship_autofix_probe_20260405-290dc8001ff7.md
feedback/2026-03-18-chummer-end-state-vision-wow-layer-feedback.md
feedback/2026-03-18-ea-onemin-billing-truth-path-feedback.md
feedback/2026-03-18-chummer-owner-order-and-wave-sequencing-guide.md
feedback/2026-03-21-070739-audit-task-3226027.md
feedback/2026-03-21-github-review-pr.md
feedback/2026-03-21-214640-audit-task-3563337.md
feedback/2026-03-21-214640-audit-task-3563338.md
feedback/2026-03-21-214640-audit-task-3563339.md
feedback/2026-03-21-214640-audit-task-3563340.md
feedback/2026-03-23-github-review-pr.md
feedback/2026-04-07-horizons-frontier-flagship-bar.md
feedback/2026-04-07-175759-audit-task-3226027.md
feedback/2026-04-10-083538-audit-task-3226027.md
feedback/2026-04-10-145021-audit-task-3226027.md
feedback/2026-04-10-150159-audit-task-3226027.md
feedback/2026-04-10-160835-audit-task-3226027.md
feedback/2026-04-10-165749-audit-task-3226027.md
feedback/2026-04-11-201723-flagship-readiness-overclaim.md
feedback/2026-04-11-204118-converge-on-product-backbone.md
feedback/2026-04-12-083159-audit-task-3226027.md
feedback/2026-04-12-product-governor-readiness-planes.md
feedback/2026-04-12-windows-proof-runtime-and-familiarity-blocker.md
feedback/2026-04-13-next-90-day-product-advance-wave.md
feedback/2026-04-14-180636-audit-task-3226027.md
feedback/2026-04-14-185217-audit-task-3226027.md
feedback/2026-04-14-ea-parity-lab-flagship-pass.md
feedback/2026-04-14-202435-audit-task-3226027.md
feedback/2026-04-14-ea-parity-lab-whole-frontier-pass.md
feedback/2026-04-14-ea-parity-lab-proof-sync.md
feedback/2026-04-14-ea-parity-lab-readiness-sync.md
feedback/2026-04-14-212017-audit-task-3226027.md
feedback/2026-04-14-ea-parity-lab-warning-sync.md
feedback/2026-04-14-ea-parity-lab-final-sync.md
feedback/2026-04-14-ea-parity-lab-capture-pack.md
feedback/2026-04-14-ea-parity-lab-run-20260414T220227Z-sync.md
feedback/2026-04-14-221503-audit-task-3226027.md
feedback/2026-04-14-ea-parity-lab-current-run-sync-221210z.md
feedback/2026-04-14-ea-parity-lab-current-run-sync-221934z.md
feedback/2026-04-14-ea-parity-lab-run-20260414T222603Z-sync.md
feedback/2026-04-14-ea-parity-lab-run-20260414T222934Z-sync.md
feedback/2026-04-14-ea-parity-lab-run-20260414T223257Z-sync.md
feedback/2026-04-14-ea-parity-lab-delivery-pass.md
feedback/2026-04-14-225441-audit-task-3226027.md
feedback/2026-04-14-ea-parity-lab-run-20260414T225717Z-sync.md
feedback/2026-04-14-ea-parity-lab-run-20260414T230009Z-sync.md
feedback/2026-04-14-shard-2-flagship-macos-proof-blocker.md
feedback/2026-05-05-next90-m141-ea-route-local-compare-packets.md
feedback/2026-05-05-next90-m141-ea-route-local-compare-packets-refresh.md
